c:\users\tania\desktop\lab10\lab8\debug\vc142.pdb
c:\users\tania\desktop\lab10\lab8\debug\vc142.idb
c:\users\tania\desktop\lab10\lab8\debug\validaredate.obj
c:\users\tania\desktop\lab10\lab8\debug\utils.obj
c:\users\tania\desktop\lab10\lab8\debug\user.obj
c:\users\tania\desktop\lab10\lab8\debug\ui.obj
c:\users\tania\desktop\lab10\lab8\debug\tests.obj
c:\users\tania\desktop\lab10\lab8\debug\shopping.obj
c:\users\tania\desktop\lab10\lab8\debug\service.obj
c:\users\tania\desktop\lab10\lab8\debug\mancare.obj
c:\users\tania\desktop\lab10\lab8\debug\lab8.obj
c:\users\tania\desktop\lab10\lab8\debug\comanda.obj
c:\users\tania\desktop\lab10\debug\lab8.exe
c:\users\tania\desktop\lab10\debug\lab8.ilk
c:\users\tania\desktop\lab10\debug\lab8.pdb
c:\users\tania\desktop\lab10\lab8\debug\lab8.tlog\cl.command.1.tlog
c:\users\tania\desktop\lab10\lab8\debug\lab8.tlog\cl.read.1.tlog
c:\users\tania\desktop\lab10\lab8\debug\lab8.tlog\cl.write.1.tlog
c:\users\tania\desktop\lab10\lab8\debug\lab8.tlog\link.command.1.tlog
c:\users\tania\desktop\lab10\lab8\debug\lab8.tlog\link.read.1.tlog
c:\users\tania\desktop\lab10\lab8\debug\lab8.tlog\link.write.1.tlog
